15:30:28 **** Incremental Build of configuration Debug for project Door_Lock_System ****
make all 
Building file: ../HMI_ECU.c
Invoking: AVR Compiler
avr-gcc -Wall -g2 -gstabs -O0 -fpack-struct -fshort-enums -ffunction-sections -fdata-sections -std=gnu99 -funsigned-char -funsigned-bitfields -mmcu=atmega32 -DF_CPU=8000000UL -MMD -MP -MF"HMI_ECU.d" -MT"HMI_ECU.o" -c -o "HMI_ECU.o" "../HMI_ECU.c"
In file included from ../HMI_ECU.c:10:
c:/winavr-20100110/lib/gcc/../../avr/include/util/delay.h:90:3: warning: #warning "Compiler optimizations disabled; functions from <util/delay.h> won't work as designed"
../HMI_ECU.c: In function 'main':
../HMI_ECU.c:24: warning: passing argument 1 of 'LCD_displayString' makes pointer from integer without a cast
Finished building: ../HMI_ECU.c
 
Building target: Door_Lock_System.elf
Invoking: AVR C Linker
avr-gcc -Wl,-Map,Door_Lock_System.map -mmcu=atmega32 -o "Door_Lock_System.elf"  ./HMI_ECU.o ./buzzer.o ./dcmotor.o ./external_eeprom.o ./gpio.o ./keypad.o ./lcd.o ./pir_sensor.o ./pwm.o ./timer.o ./twi.o ./uart.o   
Finished building target: Door_Lock_System.elf
 
Invoking: AVR Create Extended Listing
avr-objdump -h -S Door_Lock_System.elf  >"Door_Lock_System.lss"
Finished building: Door_Lock_System.lss
 
Invoking: Print Size
avr-size --format=avr --mcu=atmega32 Door_Lock_System.elf
AVR Memory Usage
----------------
Device: atmega32

Program:   10054 bytes (30.7% Full)
(.text + .data + .bootloader)

Data:          8 bytes (0.4% Full)
(.data + .bss + .noinit)


Finished building: sizedummy
 

15:30:29 Build Finished. 0 errors, 2 warnings. (took 773ms)

